Cloning into 'test'...
$ uname -acommand_info_split_pointLinux ubuntu 4.4.0-87-generic #110-Ubuntu SMP Tue Jul 18 12:55:35 UTC 2017 x86_64 x86_64 x86_64 GNU/Linux
$ uptime && datecommand_info_split_point03:19:55 up 1 day,  5:48,  4 users,  load average: 0.08, 0.04, 0.01
Thu Jun  7 03:19:55 EDT 2018
$ df -hcommand_info_split_pointFilesystem                   Size  Used Avail Use% Mounted on
udev                         545M     0  545M   0% /dev
tmpfs                        114M   11M  103M   9% /run
/dev/mapper/ubuntu--vg-root   35G   14G   20G  40% /
tmpfs                        566M  280K  566M   1% /dev/shm
tmpfs                        5.0M  4.0K  5.0M   1% /run/lock
tmpfs                        566M     0  566M   0% /sys/fs/cgroup
/dev/sda1                    472M   62M  386M  14% /boot
tmpfs                        114M   12K  114M   1% /run/user/123
tmpfs                        114M   48K  114M   1% /run/user/1000
/dev/sr0                     825M  825M     0 100% /media/mingsc/Ubuntu-Server 16.04.3 LTS amd64
$ python test.pycommand_info_split_point1528355998.0179005
1111111111111
1528356000.0324442
1111111111111
1528356002.0347064
1111111111111
1528356004.0375075
1111111111111
1528356006.0404336
1111111111111
1528356008.0427291
1111111111111
1528356010.0471647
1111111111111
1528356012.050325
1111111111111
1528356014.0543435
1111111111111
1528356016.0588112
1111111111111
ming
ming
ming
ming
ming
ming
ming
ming
ming
ming
ming
ming
ming
ming
ming
ming
ming
ming
ming
ming
ming
ming
ming
ming
ming
ming
ming
ming
ming
ming
ming
ming
ming
ming
ming
ming
ming
ming
ming
ming
ming
ming
ming
ming
ming
ming
ming
ming
ming
ming
ming
ming
ming
ming
ming
ming
ming
ming
ming
ming
ming
ming
ming
ming
ming
ming
ming
ming
ming
ming
ming
ming
ming
ming
ming
ming
ming
ming
ming
ming
ming
ming
ming
ming
ming
ming
ming
ming
ming
ming
ming
ming
ming
ming
ming
ming
ming
ming
ming
ming
ming
ming
ming
ming
ming
ming
ming
ming
ming
ming
ming
ming
ming
ming
ming
ming
ming
ming
ming
ming
ming
ming
ming
ming
ming
ming
ming
ming
ming
ming
ming
ming
ming
ming
ming
ming
ming
ming
ming
ming
ming
ming
ming
ming
ming
ming
ming
ming
ming
ming
ming
ming
ming
ming
ming
ming
ming
ming
ming
ming
ming
ming
ming
ming
ming
ming
ming
ming
ming
ming
ming
ming
ming
ming
ming
ming
ming
ming
ming
ming
ming
ming
ming
ming
ming
ming
ming
ming
ming
ming
ming
ming
ming
ming
ming
ming
ming
ming
ming
ming
ming
ming
ming
ming
ming
ming
ming
ming
ming
ming
ming
ming
ming
ming
ming
ming
ming
ming
ming
ming
ming
ming
ming
ming
ming
ming
ming
ming
ming
ming
ming
ming
ming
ming
ming
ming
ming
ming
ming
ming
ming
ming
ming
ming
ming
ming
ming
ming
ming
ming
ming
ming
ming
ming
ming
ming
ming
ming
ming
ming
ming
ming
ming
ming
ming
ming
ming
ming
ming
ming
ming
ming
ming
ming
ming
ming
ming
ming
ming
ming
ming
ming
ming
ming
ming
ming
ming
ming
ming
ming
ming
ming
ming
ming
ming
ming
ming
ming
ming
ming
ming
ming
ming
ming
ming
ming
ming
ming
ming
ming
ming
ming
ming
ming
ming
ming
ming
ming
ming
ming
ming
ming
ming
ming
ming
ming
ming
ming
ming
ming
ming
ming
ming
ming
ming
ming
ming
ming
ming
ming
ming
ming
ming
ming
ming
ming
ming
ming
ming
ming
ming
ming
ming
ming
ming
ming
ming
ming
ming
ming
ming
ming
ming
ming
ming
ming
ming
ming
ming
ming
ming
ming
ming
ming
ming
ming
ming
ming
ming
ming
ming
ming
ming
ming
ming
ming
ming
ming
ming
ming
ming
ming
ming
ming
ming
ming
ming
ming
ming
ming
ming
ming
ming
ming
ming
ming
ming
ming
ming
ming
ming
ming
ming
ming
ming
ming
ming
ming
ming
ming
ming
ming
ming
ming
ming
ming
ming
ming
ming
ming
ming
ming
ming
ming
ming
ming
ming
ming
ming
ming
ming
ming
ming
ming
ming
ming
ming
ming
ming
ming
ming
ming
ming
ming
ming
ming
ming
ming
ming
ming
ming
ming
ming
ming
ming
ming
ming
ming
ming
ming
ming
ming
ming
ming
ming
ming
ming
ming
ming
ming
ming
ming
ming
ming
ming
ming
ming
ming
ming
ming
ming
ming
ming
ming
ming
ming
ming
ming
ming
ming
ming
ming
ming
ming
ming
ming
ming
ming
ming
ming
ming
ming
ming
ming
ming
ming
ming
ming
ming
ming
ming
ming
ming
ming
ming
ming
ming
ming
ming
ming
ming
ming
ming
ming
ming
ming
ming
ming
ming
ming
ming
ming
ming
ming
ming
ming
ming
ming
ming
ming
ming
ming
ming
ming
ming
ming
ming
ming
ming
ming
ming
ming
ming
ming
ming
ming
ming
ming
ming
ming
ming
ming
ming
ming
ming
ming
ming
ming
ming
ming
ming
ming
ming
ming
ming
ming
ming
ming
ming
ming
ming
ming
ming
ming
ming
ming
ming
ming
ming
ming
ming
ming
ming
ming
ming
ming
ming
ming
ming
ming
ming
ming
ming
ming
ming
ming
ming
ming
ming
ming
ming
ming
ming
ming
ming
ming
ming
ming
ming
ming
ming
ming
ming
ming
ming
ming
ming
ming
ming
ming
ming
ming
ming
ming
ming
ming
ming
ming
ming
ming
ming
ming
ming
ming
ming
ming
ming
ming
ming
ming
ming
ming
ming
ming
ming
ming
ming
ming
ming
ming
ming
ming
ming
ming
ming
ming
ming
ming
ming
ming
ming
ming
ming
ming
ming
ming
ming
ming
ming
ming
ming
ming
ming
ming
ming
ming
ming
ming
ming
ming
ming
ming
ming
ming
ming
ming
ming
ming
ming
ming
ming
ming
ming
ming
ming
ming
ming
ming
ming
ming
ming
ming
ming
ming
ming
ming
ming
ming
ming
ming
ming
ming
ming
ming
ming
ming
ming
ming
ming
ming
ming
ming
ming
ming
ming
ming
ming
ming
ming
ming
ming
ming
ming
ming
ming
ming
ming
ming
ming
ming
ming
ming
ming
ming
ming
ming
ming
ming
ming
ming
ming
ming
ming
ming
ming
ming
ming
ming
ming
ming
ming
ming
ming
ming
ming
ming
ming
ming
ming
ming
ming
ming
ming
ming
ming
ming
ming
ming
ming
ming
ming
ming
ming
ming
ming
ming
ming
ming
ming
ming
ming
ming
ming
ming
ming
ming
ming
ming
ming
ming
ming
ming
ming
ming
ming
ming
ming
ming
ming
ming
ming
ming
ming
ming
ming
ming
ming
ming
ming
ming
ming
ming
ming
ming
ming
ming
ming
ming
ming
ming
ming
ming
ming
ming
ming
ming
ming
ming
ming
ming
ming
ming
ming
ming
ming
ming
ming
ming
ming
ming
ming
ming
ming
ming
ming
ming
ming
ming
ming
ming
ming
ming
ming
ming
ming
ming
ming
ming
ming
ming
ming
ming
ming
ming
ming
ming
ming
ming
ming
ming
ming
ming
ming
ming
ming
ming
ming
ming
ming
ming
ming
ming
ming
ming
ming
ming
ming
ming
ming
ming
ming
ming
ming
ming
ming
ming
ming
ming
ming
ming
ming
ming
ming
ming
ming
ming
ming
ming
ming
ming
ming
ming
ming
ming
ming
ming
ming
ming
ming
ming
ming
ming
ming
ming
ming
ming
ming
ming
ming
ming
ming
ming
ming
ming
ming
ming
ming
ming
ming
ming
ming
ming
ming
ming
ming
ming
ming
ming
ming
ming
ming
ming
ming
ming
ming
ming
ming
ming
ming
ming
ming
ming
ming
ming
ming
ming
ming
ming
ming
ming
